<?xml version="1.0" encoding="UTF-8"?>
<!-- Generated by org.testng.reporters.JUnitReportReporter -->
<testsuite name="SampleTestNG" tests="2" time="0.032" ignored="0" failures="0" timestamp="05 Jun 2019 17:57:01 GMT" skipped="0" hostname="ShlokaReddy" errors="0">
  <testcase name="demo" time="0.032" classname="SampleTestNG"/>
  <testcase name="demo1" time="0.000" classname="SampleTestNG"/>
</testsuite> <!-- SampleTestNG -->
