<?xml version="1.0" encoding="UTF-8"?>
<!-- Generated by org.testng.reporters.JUnitReportReporter -->
<testsuite name="testNG.SampleTestNG2" tests="1" time="0.000" ignored="1" failures="0" timestamp="05 Jun 2019 18:52:43 GMT" skipped="0" hostname="ShlokaReddy" errors="0">
  <testcase name="sample" time="0.000" classname="testNG.SampleTestNG2"/>
  <testcase name="sample1" classname="testNG.SampleTestNG2">
    <skipped/>
  </testcase> <!-- sample1 -->
</testsuite> <!-- testNG.SampleTestNG2 -->
