<?xml version="1.0" encoding="UTF-8"?>
<!-- Generated by org.testng.reporters.JUnitReportReporter -->
<testsuite name="testNG.SampleTestNg1" tests="1" time="0.031" ignored="1" failures="0" timestamp="05 Jun 2019 18:52:43 GMT" skipped="0" hostname="ShlokaReddy" errors="0">
  <testcase name="m1" time="0.031" classname="testNG.SampleTestNg1"/>
  <testcase name="sample1" classname="testNG.SampleTestNG2">
    <skipped/>
  </testcase> <!-- sample1 -->
</testsuite> <!-- testNG.SampleTestNg1 -->
