<?xml version="1.0" encoding="UTF-8"?>
<!-- Generated by org.testng.reporters.JUnitReportReporter -->
<testsuite name="testNG.SampleTestNG" tests="2" time="0.024" ignored="0" failures="0" timestamp="08 Jun 2019 10:29:29 GMT" skipped="0" hostname="ShlokaReddy" errors="0">
  <testcase name="demo1" time="0.006" classname="testNG.SampleTestNG"/>
  <testcase name="demo" time="0.018" classname="testNG.SampleTestNG"/>
</testsuite> <!-- testNG.SampleTestNG -->
